Using pre-set license
Built from '2021.1/release' branch; Version is '2021.1.4f1 (4cd64a618c1b) revision 5035594'; Using compiler version '192528614'; Build Type 'Release'
OS: 'Windows 10 Enterprise LTSC 2019; OS build 17763.1999; Version 1809; 64bit' Language: 'ru' Physical Memory: 16324 MB
BatchMode: 1, IsHumanControllingUs: 0, StartBugReporterOnCrash: 0, Is64bit: 1, IsPro: 0

 COMMAND LINE ARGUMENTS:
E:\Program Files (x86)\Unity\2021.1.4f1\Editor\Unity.exe
-adb2
-batchMode
-noUpm
-name
AssetImportWorker0
-projectPath
G:/GitRepos/Boids/Boids
-logFile
Logs/AssetImportWorker0.log
-srvPort
58818
Successfully changed project path to: G:/GitRepos/Boids/Boids
G:/GitRepos/Boids/Boids
Using Asset Import Pipeline V2.
Refreshing native plugins compatible for Editor in 75.18 ms, found 1 plugins.
Preloading 0 native plugins for Editor in 0.00 ms.
Initialize engine version: 2021.1.4f1 (4cd64a618c1b)
[Subsystems] Discovering subsystems at path E:/Program Files (x86)/Unity/2021.1.4f1/Editor/Data/Resources/UnitySubsystems
[Subsystems] Discovering subsystems at path G:/GitRepos/Boids/Boids/Assets
GfxDevice: creating device client; threaded=0; jobified=0
Direct3D:
    Version:  Direct3D 11.0 [level 11.1]
    Renderer: NVIDIA GeForce GTX 1070 (ID=0x1b81)
    Vendor:   NVIDIA
    VRAM:     8088 MB
    Driver:   27.21.14.6663
Initialize mono
Mono path[0] = 'E:/Program Files (x86)/Unity/2021.1.4f1/Editor/Data/Managed'
Mono path[1] = 'E:/Program Files (x86)/Unity/2021.1.4f1/Editor/Data/MonoBleedingEdge/lib/mono/unityjit'
Mono config path = 'E:/Program Files (x86)/Unity/2021.1.4f1/Editor/Data/MonoBleedingEdge/etc'
Using monoOptions --debugger-agent=transport=dt_socket,embedding=1,server=y,suspend=n,address=127.0.0.1:56300
Begin MonoManager ReloadAssembly
Registering precompiled unity dll's ...
Register platform support module: E:/Program Files (x86)/Unity/2021.1.4f1/Editor/Data/PlaybackEngines/WindowsStandaloneSupport/UnityEditor.WindowsStandalone.Extensions.dll
Registered in 0.001125 seconds.
Native extension for WindowsStandalone target not found
Refreshing native plugins compatible for Editor in 74.09 ms, found 1 plugins.
Preloading 0 native plugins for Editor in 0.00 ms.
Mono: successfully reloaded assembly
- Completed reload, in  2.534 seconds
Platform modules already initialized, skipping
Registering precompiled user dll's ...
Registered in 0.002881 seconds.
Begin MonoManager ReloadAssembly
Native extension for WindowsStandalone target not found
Refreshing native plugins compatible for Editor in 0.54 ms, found 1 plugins.
Preloading 0 native plugins for Editor in 0.00 ms.
Mono: successfully reloaded assembly
- Completed reload, in  1.106 seconds
Platform modules already initialized, skipping
========================================================================
Worker process is ready to serve import requests
Launched and connected shader compiler UnityShaderCompiler.exe after 0.54 seconds
Refreshing native plugins compatible for Editor in 0.72 ms, found 1 plugins.
Preloading 0 native plugins for Editor in 0.00 ms.
Unloading 2665 Unused Serialized files (Serialized files now loaded: 0)
System memory in use before: 98.2 MB.
System memory in use after: 98.3 MB.

Unloading 15 unused Assets to reduce memory usage. Loaded Objects now: 3117.
Total: 2.956200 ms (FindLiveObjects: 0.237300 ms CreateObjectMapping: 0.113000 ms MarkObjects: 2.514400 ms  DeleteObjects: 0.090200 ms)

========================================================================
Received Import Request.
  path: Assets
  artifactKey: Guid(00000000000000001000000000000000) Importer(815301076,1909f56bfc062723c751e8b465ee728b)
Start importing Assets using Guid(00000000000000001000000000000000) Importer(815301076,1909f56bfc062723c751e8b465ee728b)  -> (artifact id: '9222b99937b918022a9cc33b6e833563') in 0.006781 seconds 
========================================================================
Received Import Request.
  Time since last request: 0.000225 seconds.
  path: Assets/Scenes
  artifactKey: Guid(957fdf46c2fe498428204d4622a23315) Importer(815301076,1909f56bfc062723c751e8b465ee728b)
Start importing Assets/Scenes using Guid(957fdf46c2fe498428204d4622a23315) Importer(815301076,1909f56bfc062723c751e8b465ee728b)  -> (artifact id: '3063fe11f0c628d5c1fcbbb37ef1ce6c') in 0.002457 seconds 
========================================================================
Received Import Request.
  Time since last request: 0.585114 seconds.
  path: Assets/Material
  artifactKey: Guid(b8b194be13a3a334797430f594dea37d) Importer(815301076,1909f56bfc062723c751e8b465ee728b)
Start importing Assets/Material using Guid(b8b194be13a3a334797430f594dea37d) Importer(815301076,1909f56bfc062723c751e8b465ee728b)  -> (artifact id: 'f0c038f0f5bb9cb5dbffe3c2644ec562') in 0.003565 seconds 
========================================================================
Received Import Request.
  Time since last request: 940.662163 seconds.
  path: Assets/Prefabs
  artifactKey: Guid(f2450f38740b87447a2b1cb90330664c) Importer(815301076,1909f56bfc062723c751e8b465ee728b)
Start importing Assets/Prefabs using Guid(f2450f38740b87447a2b1cb90330664c) Importer(815301076,1909f56bfc062723c751e8b465ee728b)  -> (artifact id: '51aa6ad286b71ed1366b3a4ba6a6e9da') in 0.002927 seconds 
========================================================================
Received Import Request.
  Time since last request: 2.938204 seconds.
  path: Assets/Prefabs/Boid.prefab
  artifactKey: Guid(7a912079b3b866a4ba599fe6b14126a2) Importer(815301076,1909f56bfc062723c751e8b465ee728b)
Start importing Assets/Prefabs/Boid.prefab using Guid(7a912079b3b866a4ba599fe6b14126a2) Importer(815301076,1909f56bfc062723c751e8b465ee728b)  -> (artifact id: '18a56a0013631fe8ba87e96e3e2e5827') in 0.127160 seconds 
========================================================================
Received Import Request.
  Time since last request: 890.531673 seconds.
  path: Assets/Material/TrailMaterial.mat
  artifactKey: Guid(b4055a86311ea794faa341c4ffcf7155) Importer(815301076,1909f56bfc062723c751e8b465ee728b)
Start importing Assets/Material/TrailMaterial.mat using Guid(b4055a86311ea794faa341c4ffcf7155) Importer(815301076,1909f56bfc062723c751e8b465ee728b)  -> (artifact id: '88f83dacaafb24eaddd831f3bcc0f4c4') in 0.038272 seconds 
========================================================================
Received Import Request.
  Time since last request: 77.757924 seconds.
  path: Assets/Scripts
  artifactKey: Guid(b716f5b5b5689384b8ee6b4d6e64a74f) Importer(815301076,1909f56bfc062723c751e8b465ee728b)
Start importing Assets/Scripts using Guid(b716f5b5b5689384b8ee6b4d6e64a74f) Importer(815301076,1909f56bfc062723c751e8b465ee728b)  -> (artifact id: '0c4c77f0d10c39ba4df418757a68399a') in 0.003072 seconds 
========================================================================
Received Import Request.
  Time since last request: 9.809717 seconds.
  path: Assets/Scripts/Attractor.cs
  artifactKey: Guid(e9c1872f908541542a429cb112cdf8b1) Importer(815301076,1909f56bfc062723c751e8b465ee728b)
Start importing Assets/Scripts/Attractor.cs using Guid(e9c1872f908541542a429cb112cdf8b1) Importer(815301076,1909f56bfc062723c751e8b465ee728b)  -> (artifact id: '4b6d1feeaf20ba29d8079796bf7dc267') in 0.015660 seconds 
========================================================================
Received Prepare
Registering precompiled user dll's ...
Registered in 0.006033 seconds.
Begin MonoManager ReloadAssembly
Native extension for WindowsStandalone target not found
Refreshing native plugins compatible for Editor in 0.57 ms, found 1 plugins.
Preloading 0 native plugins for Editor in 0.00 ms.
Mono: successfully reloaded assembly
- Completed reload, in  1.600 seconds
Platform modules already initialized, skipping
Refreshing native plugins compatible for Editor in 0.72 ms, found 1 plugins.
Preloading 0 native plugins for Editor in 0.00 ms.
Unloading 2661 Unused Serialized files (Serialized files now loaded: 0)
System memory in use before: 102.1 MB.
System memory in use after: 102.3 MB.

Unloading 12 unused Assets to reduce memory usage. Loaded Objects now: 3163.
Total: 1.814400 ms (FindLiveObjects: 0.206700 ms CreateObjectMapping: 0.102600 ms MarkObjects: 1.445900 ms  DeleteObjects: 0.058300 ms)

========================================================================
Received Prepare
Registering precompiled user dll's ...
Registered in 0.002664 seconds.
Begin MonoManager ReloadAssembly
Native extension for WindowsStandalone target not found
Refreshing native plugins compatible for Editor in 0.47 ms, found 1 plugins.
Preloading 0 native plugins for Editor in 0.00 ms.
Mono: successfully reloaded assembly
- Completed reload, in  1.028 seconds
Platform modules already initialized, skipping
Refreshing native plugins compatible for Editor in 0.52 ms, found 1 plugins.
Preloading 0 native plugins for Editor in 0.00 ms.
Unloading 2661 Unused Serialized files (Serialized files now loaded: 0)
System memory in use before: 102.1 MB.
System memory in use after: 102.3 MB.

Unloading 10 unused Assets to reduce memory usage. Loaded Objects now: 3166.
Total: 2.976700 ms (FindLiveObjects: 0.210900 ms CreateObjectMapping: 0.106700 ms MarkObjects: 2.609300 ms  DeleteObjects: 0.048200 ms)

========================================================================
Received Import Request.
  Time since last request: 1454.265512 seconds.
  path: Assets/Scripts/Attractor.cs
  artifactKey: Guid(e9c1872f908541542a429cb112cdf8b1) Importer(815301076,1909f56bfc062723c751e8b465ee728b)
Start importing Assets/Scripts/Attractor.cs using Guid(e9c1872f908541542a429cb112cdf8b1) Importer(815301076,1909f56bfc062723c751e8b465ee728b)  -> (artifact id: '4e2f5cdc8d40970cff8254729e2a81aa') in 0.009980 seconds 
========================================================================
Received Import Request.
  Time since last request: 1106.765265 seconds.
  path: Assets/Scripts/LookAtAttractor.cs
  artifactKey: Guid(148ecc3851758454baf7c2300c19ada7) Importer(815301076,1909f56bfc062723c751e8b465ee728b)
Start importing Assets/Scripts/LookAtAttractor.cs using Guid(148ecc3851758454baf7c2300c19ada7) Importer(815301076,1909f56bfc062723c751e8b465ee728b)  -> (artifact id: '92fb268808b4ac213ed6961f3cbfbd25') in 0.003160 seconds 
========================================================================
Received Prepare
Registering precompiled user dll's ...
Registered in 0.003148 seconds.
Begin MonoManager ReloadAssembly
Native extension for WindowsStandalone target not found
Refreshing native plugins compatible for Editor in 0.57 ms, found 1 plugins.
Preloading 0 native plugins for Editor in 0.00 ms.
Mono: successfully reloaded assembly
- Completed reload, in  1.012 seconds
Platform modules already initialized, skipping
Refreshing native plugins compatible for Editor in 0.88 ms, found 1 plugins.
Preloading 0 native plugins for Editor in 0.00 ms.
Unloading 2662 Unused Serialized files (Serialized files now loaded: 0)
System memory in use before: 102.2 MB.
System memory in use after: 102.4 MB.

Unloading 10 unused Assets to reduce memory usage. Loaded Objects now: 3170.
Total: 2.707200 ms (FindLiveObjects: 0.282600 ms CreateObjectMapping: 0.122600 ms MarkObjects: 2.201300 ms  DeleteObjects: 0.099000 ms)

========================================================================
Received Prepare
Registering precompiled user dll's ...
Registered in 0.003112 seconds.
Begin MonoManager ReloadAssembly
Native extension for WindowsStandalone target not found
Refreshing native plugins compatible for Editor in 0.59 ms, found 1 plugins.
Preloading 0 native plugins for Editor in 0.00 ms.
Mono: successfully reloaded assembly
- Completed reload, in  1.095 seconds
Platform modules already initialized, skipping
Refreshing native plugins compatible for Editor in 0.48 ms, found 1 plugins.
Preloading 0 native plugins for Editor in 0.00 ms.
Unloading 2662 Unused Serialized files (Serialized files now loaded: 0)
System memory in use before: 102.2 MB.
System memory in use after: 102.4 MB.

Unloading 10 unused Assets to reduce memory usage. Loaded Objects now: 3173.
Total: 1.923400 ms (FindLiveObjects: 0.196900 ms CreateObjectMapping: 0.104700 ms MarkObjects: 1.580400 ms  DeleteObjects: 0.040300 ms)

========================================================================
Received Import Request.
  Time since last request: 119.575062 seconds.
  path: Assets/Scripts/LookAtAttractor.cs
  artifactKey: Guid(148ecc3851758454baf7c2300c19ada7) Importer(815301076,1909f56bfc062723c751e8b465ee728b)
Start importing Assets/Scripts/LookAtAttractor.cs using Guid(148ecc3851758454baf7c2300c19ada7) Importer(815301076,1909f56bfc062723c751e8b465ee728b)  -> (artifact id: 'a8a49cb54da92ae3fa0ef6ed914f9fb4') in 0.007206 seconds 
========================================================================
Received Import Request.
  Time since last request: 552.519613 seconds.
  path: Assets/Scripts/Boid.cs
  artifactKey: Guid(666466ca226bbe64595190603e739de9) Importer(815301076,1909f56bfc062723c751e8b465ee728b)
Start importing Assets/Scripts/Boid.cs using Guid(666466ca226bbe64595190603e739de9) Importer(815301076,1909f56bfc062723c751e8b465ee728b)  -> (artifact id: 'cd555ed6387a7aa438d7aff1868d054c') in 0.003476 seconds 
========================================================================
Received Prepare
Registering precompiled user dll's ...
Registered in 0.003002 seconds.
Begin MonoManager ReloadAssembly
Native extension for WindowsStandalone target not found
Refreshing native plugins compatible for Editor in 0.54 ms, found 1 plugins.
Preloading 0 native plugins for Editor in 0.00 ms.
Mono: successfully reloaded assembly
- Completed reload, in  1.023 seconds
Platform modules already initialized, skipping
Refreshing native plugins compatible for Editor in 0.45 ms, found 1 plugins.
Preloading 0 native plugins for Editor in 0.00 ms.
Unloading 2663 Unused Serialized files (Serialized files now loaded: 0)
System memory in use before: 102.2 MB.
System memory in use after: 102.4 MB.

Unloading 10 unused Assets to reduce memory usage. Loaded Objects now: 3177.
Total: 4.738300 ms (FindLiveObjects: 0.647800 ms CreateObjectMapping: 0.241600 ms MarkObjects: 3.661600 ms  DeleteObjects: 0.185800 ms)

========================================================================
Received Import Request.
  Time since last request: 392.381284 seconds.
  path: Assets/Prefabs/Boid.prefab
  artifactKey: Guid(7a912079b3b866a4ba599fe6b14126a2) Importer(815301076,1909f56bfc062723c751e8b465ee728b)
Start importing Assets/Prefabs/Boid.prefab using Guid(7a912079b3b866a4ba599fe6b14126a2) Importer(815301076,1909f56bfc062723c751e8b465ee728b)  -> (artifact id: 'cb73c94d257f94746ddb52f3532a0c43') in 0.074197 seconds 
========================================================================
Received Import Request.
  Time since last request: 4087.028254 seconds.
  path: Assets/Scripts/Spawner.cs
  artifactKey: Guid(9e7feb9d2cc577340b992ef1e509b73d) Importer(815301076,1909f56bfc062723c751e8b465ee728b)
Start importing Assets/Scripts/Spawner.cs using Guid(9e7feb9d2cc577340b992ef1e509b73d) Importer(815301076,1909f56bfc062723c751e8b465ee728b)  -> (artifact id: '7e86166937cf26574d62a6c616bca699') in 0.007442 seconds 
========================================================================
Received Prepare
Registering precompiled user dll's ...
Registered in 0.002715 seconds.
Begin MonoManager ReloadAssembly
Native extension for WindowsStandalone target not found
Refreshing native plugins compatible for Editor in 0.46 ms, found 1 plugins.
Preloading 0 native plugins for Editor in 0.00 ms.
Mono: successfully reloaded assembly
- Completed reload, in  1.025 seconds
Platform modules already initialized, skipping
Refreshing native plugins compatible for Editor in 0.72 ms, found 1 plugins.
Preloading 0 native plugins for Editor in 0.00 ms.
Unloading 2664 Unused Serialized files (Serialized files now loaded: 0)
System memory in use before: 102.2 MB.
System memory in use after: 102.4 MB.

Unloading 11 unused Assets to reduce memory usage. Loaded Objects now: 3182.
Total: 1.885800 ms (FindLiveObjects: 0.185600 ms CreateObjectMapping: 0.102100 ms MarkObjects: 1.554500 ms  DeleteObjects: 0.042700 ms)

========================================================================
Received Prepare
Registering precompiled user dll's ...
Registered in 0.003428 seconds.
Begin MonoManager ReloadAssembly
Native extension for WindowsStandalone target not found
Refreshing native plugins compatible for Editor in 0.47 ms, found 1 plugins.
Preloading 0 native plugins for Editor in 0.00 ms.
Mono: successfully reloaded assembly
- Completed reload, in  1.063 seconds
Platform modules already initialized, skipping
Refreshing native plugins compatible for Editor in 0.75 ms, found 1 plugins.
Preloading 0 native plugins for Editor in 0.00 ms.
Unloading 2664 Unused Serialized files (Serialized files now loaded: 0)
System memory in use before: 102.2 MB.
System memory in use after: 102.4 MB.

Unloading 10 unused Assets to reduce memory usage. Loaded Objects now: 3185.
Total: 2.201300 ms (FindLiveObjects: 0.186500 ms CreateObjectMapping: 0.103900 ms MarkObjects: 1.866200 ms  DeleteObjects: 0.043900 ms)

========================================================================
Received Import Request.
  Time since last request: 35.343885 seconds.
  path: Assets/Scripts/Spawner.cs
  artifactKey: Guid(9e7feb9d2cc577340b992ef1e509b73d) Importer(815301076,1909f56bfc062723c751e8b465ee728b)
Start importing Assets/Scripts/Spawner.cs using Guid(9e7feb9d2cc577340b992ef1e509b73d) Importer(815301076,1909f56bfc062723c751e8b465ee728b)  -> (artifact id: 'dddcf9c9c2cabcb8f104e6438008bf16') in 0.006530 seconds 
========================================================================
Received Prepare
Registering precompiled user dll's ...
Registered in 0.003934 seconds.
Begin MonoManager ReloadAssembly
Native extension for WindowsStandalone target not found
Refreshing native plugins compatible for Editor in 0.45 ms, found 1 plugins.
Preloading 0 native plugins for Editor in 0.00 ms.
Mono: successfully reloaded assembly
- Completed reload, in  1.169 seconds
Platform modules already initialized, skipping
Refreshing native plugins compatible for Editor in 0.47 ms, found 1 plugins.
Preloading 0 native plugins for Editor in 0.00 ms.
Unloading 2664 Unused Serialized files (Serialized files now loaded: 0)
System memory in use before: 102.3 MB.
System memory in use after: 102.4 MB.

Unloading 10 unused Assets to reduce memory usage. Loaded Objects now: 3188.
Total: 5.671300 ms (FindLiveObjects: 0.436000 ms CreateObjectMapping: 0.494900 ms MarkObjects: 4.675700 ms  DeleteObjects: 0.062800 ms)

========================================================================
Received Prepare
Registering precompiled user dll's ...
Registered in 0.002687 seconds.
Begin MonoManager ReloadAssembly
Native extension for WindowsStandalone target not found
Refreshing native plugins compatible for Editor in 0.51 ms, found 1 plugins.
Preloading 0 native plugins for Editor in 0.00 ms.
Mono: successfully reloaded assembly
- Completed reload, in  1.107 seconds
Platform modules already initialized, skipping
Refreshing native plugins compatible for Editor in 0.53 ms, found 1 plugins.
Preloading 0 native plugins for Editor in 0.00 ms.
Unloading 2664 Unused Serialized files (Serialized files now loaded: 0)
System memory in use before: 102.3 MB.
System memory in use after: 102.5 MB.

Unloading 10 unused Assets to reduce memory usage. Loaded Objects now: 3191.
Total: 2.900000 ms (FindLiveObjects: 0.320200 ms CreateObjectMapping: 0.286100 ms MarkObjects: 2.249800 ms  DeleteObjects: 0.042800 ms)

========================================================================
Received Prepare
Registering precompiled user dll's ...
Registered in 0.004736 seconds.
Begin MonoManager ReloadAssembly
Native extension for WindowsStandalone target not found
Refreshing native plugins compatible for Editor in 0.47 ms, found 1 plugins.
Preloading 0 native plugins for Editor in 0.00 ms.
Mono: successfully reloaded assembly
- Completed reload, in  1.155 seconds
Platform modules already initialized, skipping
Refreshing native plugins compatible for Editor in 0.61 ms, found 1 plugins.
Preloading 0 native plugins for Editor in 0.00 ms.
Unloading 2664 Unused Serialized files (Serialized files now loaded: 0)
System memory in use before: 102.3 MB.
System memory in use after: 102.5 MB.

Unloading 10 unused Assets to reduce memory usage. Loaded Objects now: 3194.
Total: 4.448100 ms (FindLiveObjects: 0.248000 ms CreateObjectMapping: 0.210200 ms MarkObjects: 3.929400 ms  DeleteObjects: 0.059100 ms)

========================================================================
Received Prepare
Registering precompiled user dll's ...
Registered in 0.003361 seconds.
Begin MonoManager ReloadAssembly
Native extension for WindowsStandalone target not found
Refreshing native plugins compatible for Editor in 0.78 ms, found 1 plugins.
Preloading 0 native plugins for Editor in 0.00 ms.
Mono: successfully reloaded assembly
- Completed reload, in  1.571 seconds
Platform modules already initialized, skipping
Refreshing native plugins compatible for Editor in 0.55 ms, found 1 plugins.
Preloading 0 native plugins for Editor in 0.00 ms.
Unloading 2664 Unused Serialized files (Serialized files now loaded: 0)
System memory in use before: 102.3 MB.
System memory in use after: 102.5 MB.

Unloading 10 unused Assets to reduce memory usage. Loaded Objects now: 3197.
Total: 2.338200 ms (FindLiveObjects: 0.257700 ms CreateObjectMapping: 0.208800 ms MarkObjects: 1.823900 ms  DeleteObjects: 0.046800 ms)

========================================================================
Received Import Request.
  Time since last request: 2642.556141 seconds.
  path: Assets/Scripts/Boid.cs
  artifactKey: Guid(666466ca226bbe64595190603e739de9) Importer(815301076,1909f56bfc062723c751e8b465ee728b)
Start importing Assets/Scripts/Boid.cs using Guid(666466ca226bbe64595190603e739de9) Importer(815301076,1909f56bfc062723c751e8b465ee728b)  -> (artifact id: 'fd290b04735ae293bf5088d54a969322') in 0.006782 seconds 
========================================================================
Received Prepare
Registering precompiled user dll's ...
Registered in 0.003096 seconds.
Begin MonoManager ReloadAssembly
Native extension for WindowsStandalone target not found
Refreshing native plugins compatible for Editor in 0.50 ms, found 1 plugins.
Preloading 0 native plugins for Editor in 0.00 ms.
Mono: successfully reloaded assembly
- Completed reload, in  1.071 seconds
Platform modules already initialized, skipping
Refreshing native plugins compatible for Editor in 0.60 ms, found 1 plugins.
Preloading 0 native plugins for Editor in 0.00 ms.
Unloading 2664 Unused Serialized files (Serialized files now loaded: 0)
System memory in use before: 102.3 MB.
System memory in use after: 102.5 MB.

Unloading 10 unused Assets to reduce memory usage. Loaded Objects now: 3200.
Total: 3.759000 ms (FindLiveObjects: 0.281000 ms CreateObjectMapping: 0.248200 ms MarkObjects: 3.164100 ms  DeleteObjects: 0.064300 ms)

========================================================================
Received Import Request.
  Time since last request: 1249.334566 seconds.
  path: Assets/Scripts/Boid.cs
  artifactKey: Guid(666466ca226bbe64595190603e739de9) Importer(815301076,1909f56bfc062723c751e8b465ee728b)
Start importing Assets/Scripts/Boid.cs using Guid(666466ca226bbe64595190603e739de9) Importer(815301076,1909f56bfc062723c751e8b465ee728b)  -> (artifact id: 'bca39f2ff81765033f9b869d22594393') in 0.009004 seconds 
========================================================================
Received Prepare
Registering precompiled user dll's ...
Registered in 0.004444 seconds.
Begin MonoManager ReloadAssembly
Native extension for WindowsStandalone target not found
Refreshing native plugins compatible for Editor in 0.46 ms, found 1 plugins.
Preloading 0 native plugins for Editor in 0.00 ms.
Mono: successfully reloaded assembly
- Completed reload, in  1.160 seconds
Platform modules already initialized, skipping
Refreshing native plugins compatible for Editor in 0.48 ms, found 1 plugins.
Preloading 0 native plugins for Editor in 0.00 ms.
Unloading 2664 Unused Serialized files (Serialized files now loaded: 0)
System memory in use before: 102.3 MB.
System memory in use after: 102.5 MB.

Unloading 10 unused Assets to reduce memory usage. Loaded Objects now: 3203.
Total: 2.435200 ms (FindLiveObjects: 0.217700 ms CreateObjectMapping: 0.102900 ms MarkObjects: 2.039000 ms  DeleteObjects: 0.074300 ms)

========================================================================
Received Import Request.
  Time since last request: 2121.939796 seconds.
  path: Assets/Scripts/Neighborhood.cs
  artifactKey: Guid(526b44e711dca2a48afe2e18db545056) Importer(815301076,1909f56bfc062723c751e8b465ee728b)
Start importing Assets/Scripts/Neighborhood.cs using Guid(526b44e711dca2a48afe2e18db545056) Importer(815301076,1909f56bfc062723c751e8b465ee728b)  -> (artifact id: '07266725c2c7afe7c0c4ce6d6ee25f6c') in 0.015091 seconds 
========================================================================
Received Prepare
Registering precompiled user dll's ...
Registered in 0.002707 seconds.
Begin MonoManager ReloadAssembly
Native extension for WindowsStandalone target not found
Refreshing native plugins compatible for Editor in 0.46 ms, found 1 plugins.
Preloading 0 native plugins for Editor in 0.00 ms.
Mono: successfully reloaded assembly
- Completed reload, in  1.030 seconds
Platform modules already initialized, skipping
Refreshing native plugins compatible for Editor in 0.45 ms, found 1 plugins.
Preloading 0 native plugins for Editor in 0.00 ms.
Unloading 2665 Unused Serialized files (Serialized files now loaded: 0)
System memory in use before: 102.3 MB.
System memory in use after: 102.5 MB.

Unloading 10 unused Assets to reduce memory usage. Loaded Objects now: 3207.
Total: 2.912900 ms (FindLiveObjects: 0.852300 ms CreateObjectMapping: 0.263500 ms MarkObjects: 1.747600 ms  DeleteObjects: 0.048300 ms)

========================================================================
Received Prepare
Registering precompiled user dll's ...
Registered in 0.002801 seconds.
Begin MonoManager ReloadAssembly
Native extension for WindowsStandalone target not found
Refreshing native plugins compatible for Editor in 0.71 ms, found 1 plugins.
Preloading 0 native plugins for Editor in 0.00 ms.
Mono: successfully reloaded assembly
- Completed reload, in  1.105 seconds
Platform modules already initialized, skipping
Refreshing native plugins compatible for Editor in 0.67 ms, found 1 plugins.
Preloading 0 native plugins for Editor in 0.00 ms.
Unloading 2665 Unused Serialized files (Serialized files now loaded: 0)
System memory in use before: 102.3 MB.
System memory in use after: 102.5 MB.

Unloading 10 unused Assets to reduce memory usage. Loaded Objects now: 3210.
Total: 2.252800 ms (FindLiveObjects: 0.276100 ms CreateObjectMapping: 0.231000 ms MarkObjects: 1.702300 ms  DeleteObjects: 0.042300 ms)

========================================================================
Received Import Request.
  Time since last request: 1272.184065 seconds.
  path: Assets/Scripts/Neighborhood.cs
  artifactKey: Guid(526b44e711dca2a48afe2e18db545056) Importer(815301076,1909f56bfc062723c751e8b465ee728b)
Start importing Assets/Scripts/Neighborhood.cs using Guid(526b44e711dca2a48afe2e18db545056) Importer(815301076,1909f56bfc062723c751e8b465ee728b)  -> (artifact id: 'fe6e92189c502751eb7fafec1cd3ad96') in 0.007558 seconds 
========================================================================
Received Import Request.
  Time since last request: 16.594435 seconds.
  path: Assets/Prefabs/Boid.prefab
  artifactKey: Guid(7a912079b3b866a4ba599fe6b14126a2) Importer(815301076,1909f56bfc062723c751e8b465ee728b)
Start importing Assets/Prefabs/Boid.prefab using Guid(7a912079b3b866a4ba599fe6b14126a2) Importer(815301076,1909f56bfc062723c751e8b465ee728b)  -> (artifact id: '191f3db39e849b9c00e33d35bfa2194d') in 0.698758 seconds 
========================================================================
Received Import Request.
  Time since last request: 5.150940 seconds.
  path: Assets/Prefabs/Boid.prefab
  artifactKey: Guid(7a912079b3b866a4ba599fe6b14126a2) Importer(815301076,1909f56bfc062723c751e8b465ee728b)
Start importing Assets/Prefabs/Boid.prefab using Guid(7a912079b3b866a4ba599fe6b14126a2) Importer(815301076,1909f56bfc062723c751e8b465ee728b)  -> (artifact id: '26e7b1831dd04eafdea6e1247f388f1d') in 0.012907 seconds 
========================================================================
Received Prepare
Registering precompiled user dll's ...
Registered in 0.004963 seconds.
Begin MonoManager ReloadAssembly
Native extension for WindowsStandalone target not found
Refreshing native plugins compatible for Editor in 0.46 ms, found 1 plugins.
Preloading 0 native plugins for Editor in 0.00 ms.
Mono: successfully reloaded assembly
- Completed reload, in  1.108 seconds
Platform modules already initialized, skipping
Refreshing native plugins compatible for Editor in 0.50 ms, found 1 plugins.
Preloading 0 native plugins for Editor in 0.00 ms.
Unloading 2665 Unused Serialized files (Serialized files now loaded: 0)
System memory in use before: 102.3 MB.
System memory in use after: 102.5 MB.

Unloading 11 unused Assets to reduce memory usage. Loaded Objects now: 3214.
Total: 2.847600 ms (FindLiveObjects: 0.240500 ms CreateObjectMapping: 0.217700 ms MarkObjects: 2.334100 ms  DeleteObjects: 0.054100 ms)

========================================================================
Received Import Request.
  Time since last request: 988.470150 seconds.
  path: Assets/Scripts/Boid.cs
  artifactKey: Guid(666466ca226bbe64595190603e739de9) Importer(815301076,1909f56bfc062723c751e8b465ee728b)
Start importing Assets/Scripts/Boid.cs using Guid(666466ca226bbe64595190603e739de9) Importer(815301076,1909f56bfc062723c751e8b465ee728b)  -> (artifact id: 'f3a13df3c31d1200f4b4b01dd97e6d14') in 0.007170 seconds 
========================================================================
Received Prepare
Registering precompiled user dll's ...
Registered in 0.003133 seconds.
Begin MonoManager ReloadAssembly
Native extension for WindowsStandalone target not found
Refreshing native plugins compatible for Editor in 0.44 ms, found 1 plugins.
Preloading 0 native plugins for Editor in 0.00 ms.
Mono: successfully reloaded assembly
- Completed reload, in  0.992 seconds
Platform modules already initialized, skipping
Refreshing native plugins compatible for Editor in 0.45 ms, found 1 plugins.
Preloading 0 native plugins for Editor in 0.00 ms.
Unloading 2665 Unused Serialized files (Serialized files now loaded: 0)
System memory in use before: 102.3 MB.
System memory in use after: 102.5 MB.

Unloading 10 unused Assets to reduce memory usage. Loaded Objects now: 3217.
Total: 3.306900 ms (FindLiveObjects: 0.293800 ms CreateObjectMapping: 0.123800 ms MarkObjects: 2.831800 ms  DeleteObjects: 0.056000 ms)

========================================================================
Received Prepare
Registering precompiled user dll's ...
Registered in 0.002827 seconds.
Begin MonoManager ReloadAssembly
Native extension for WindowsStandalone target not found
Refreshing native plugins compatible for Editor in 0.46 ms, found 1 plugins.
Preloading 0 native plugins for Editor in 0.00 ms.
Mono: successfully reloaded assembly
- Completed reload, in  1.037 seconds
Platform modules already initialized, skipping
Refreshing native plugins compatible for Editor in 0.79 ms, found 1 plugins.
Preloading 0 native plugins for Editor in 0.00 ms.
Unloading 2665 Unused Serialized files (Serialized files now loaded: 0)
System memory in use before: 102.4 MB.
System memory in use after: 102.6 MB.

Unloading 10 unused Assets to reduce memory usage. Loaded Objects now: 3220.
Total: 1.665000 ms (FindLiveObjects: 0.183800 ms CreateObjectMapping: 0.101200 ms MarkObjects: 1.343900 ms  DeleteObjects: 0.035200 ms)

AssetImportWorkerClient::OnTransportError - code=2 error=End of file
